<?xml version="1.0" encoding="UTF-8"?>
<!-- Generated by org.testng.reporters.JUnitReportReporter -->
<testsuite hostname="IFIYCITSKLT388" failures="0" tests="1" name="com.lambdatest.TestNGTodo2" time="18.362" errors="0" timestamp="2023-08-18T16:39:52 IST" skipped="0">
  <testcase classname="com.lambdatest.TestNGTodo2" name="basicTest" time="18.362"/>
  <system-out/>
</testsuite> <!-- com.lambdatest.TestNGTodo2 -->
